EC_KEY (CA):
   Private-Key: (256 bit)
   priv:
       2e:44:b6:2b:21:ea:1a:04:83:a4:5b:61:57:18:86:
       c1:09:6f:a9:61:71:84:16:3b:32:ea:f1:a1:be:3d:
       04:1b
   pub:
       04:71:0d:57:68:55:05:05:15:68:0f:f7:9d:f9:5b:
       94:d6:57:4b:50:3b:38:a3:2b:16:47:c5:29:99:2e:
       b0:c6:4e:04:a1:31:4c:07:e9:6b:e1:bc:2c:2d:24:
       08:6e:0f:eb:11:dd:2e:c3:58:95:ef:23:3b:52:9e:
       e2:01:06:ca:f7
   ASN1 OID: secp256k1
EC_POINT (G): 0479BE667EF9DCBBAC55A06295CE870B07029BFCDB2DCE28D959F2815B16F81798483ADA7726A3C4655DA4FBFC0E1108A8FD17B448A68554199C47D08FFB10D4B8
BIGNUM (order): FFFFFFFFFFFFFFFFFFFFFFFFFFFFFFFEBAAEDCE6AF48A03BBFD25E8CD0364141
BIGNUM (alpha): 0537290D6B3A42E173F1A0E3C7281DEA488084E7408725D8225B84F93F048A93
EC_POINT (alphaG): 04E466C4AB3E6F2B1933DC221AC2A5C3FD7111A59321C4ED4FF3B45170EAD69DAE3DAE9D4ECA488F5268747A29742B83B377BB8393DE293E99A278012353C5332D
BIGNUM (k): 484A01E0FBADCF2C0C32927AFC24022FA3A76E441B752D516C03624265D367EA
EC_POINT (kG): 04B44B2964B2409426677E95B8F54077D9C33FCC7D08771930EC46CDBA148C2138BC4437D76166F5879B40893D97CCE6DE2F3AFA5A46F8ECB6B773D4CFA400CE71
EC_POINT (Pu): 049D0E4BA0104BCC2D5C79F5DD713BF6461C9ECF3EB6495F40818040AE964AB5EE82B3DACDC1846D6E1CABE0DF9C4B92C0B00DB43FE473C6ED203AE50AE2D4B344
BIGNUM (e): 0193804251772770543940E3838CFC15C8B7E9B5
BIGNUM (ek): 71F0B8B0323C96FA662B99D6BCDD28DAE86864F61E4289164F4DA9EECDD3ABA91894968FC0AB5308A3EF059670B91F80527272
BIGNUM (s): 65B02E7C8DD5F47658F89DE074BF8F74935752223BB673331E4B234036E76071
BIGNUM (ealpha): 0838728E87F93914A409FF2980AFE97716FC920A179B8FE2E27331912F2942E139FAD974AB669CCFB3349D034F8925976AC4EF
BIGNUM (a): DB8146AB7F047FE7C7C723ABB1878121A04BCAFF7926208E1CB23EBBD08CAB0A
EC_POINT (efii): 04A5D8EB3F6ED04A9E127BDB201BAF15424B25C7C3C20196E6BBE4F57ECE4757121B50D944A5F124D940F61002F9A300BF61615261228101EA98EA195142E0EFC5
EC_POINT (Qa): 0461507B03B8BA46415D4ADB6709C0A11D6D153E10D4DA08D6743507CC81BD173E3C8470B040010AFCBDE01829613076C742B0C396350BA951C75A1B5F06B797E8
EC_KEY (CLIENT):
   Private-Key: (256 bit)
   priv:
       db:81:46:ab:7f:04:7f:e7:c7:c7:23:ab:b1:87:81:
       21:a0:4b:ca:ff:79:26:20:8e:1c:b2:3e:bb:d0:8c:
       ab:0a
   pub:
       04:61:50:7b:03:b8:ba:46:41:5d:4a:db:67:09:c0:
       a1:1d:6d:15:3e:10:d4:da:08:d6:74:35:07:cc:81:
       bd:17:3e:3c:84:70:b0:40:01:0a:fc:bd:e0:18:29:
       61:30:76:c7:42:b0:c3:96:35:0b:a9:51:c7:5a:1b:
       5f:06:b7:97:e8
   ASN1 OID: secp256k1
